# JRE version: Java(TM) SE Runtime Environment (8.0_152-b16) (build 1.8.0_152-b16)
# Java VM: Dynamic Code Evolution 64-Bit Server VM (25.71-b01-dcevmlight-30 mixed mode windows-amd64 compressed oops)
Heap:
 def new generation   total 78720K, used 11028K [0x0000000080000000, 0x0000000085560000, 0x00000000aaaa0000)
  eden space 70016K,  11% used [0x0000000080000000, 0x000000008080ca08, 0x0000000084460000)
  from space 8704K,  32% used [0x0000000084ce0000, 0x0000000084f98990, 0x0000000085560000)
  to   space 8704K,   0% used [0x0000000084460000, 0x0000000084460000, 0x0000000084ce0000)
 tenured generation   total 174784K, used 96078K [0x00000000aaaa0000, 0x00000000b5550000, 0x0000000100000000)
   the space 174784K,  54% used [0x00000000aaaa0000, 0x00000000b0873a98, 0x00000000b0873c00, 0x00000000b5550000)
 Metaspace       used 108323K, capacity 114902K, committed 114944K, reserved 1148928K
  class space    used 14601K, capacity 15855K, committed 15872K, reserved 1048576K
GC Heap History (10 events):
Event: 635.249 GC heap before
{Heap before GC invocations=82 (full 4):
 def new generation   total 78720K, used 71499K [0x0000000080000000, 0x0000000085560000, 0x00000000aaaa0000)
  eden space 70016K, 100% used [0x0000000080000000, 0x0000000084460000, 0x0000000084460000)
  from space 8704K,  17% used [0x0000000084460000, 0x00000000845d2e58, 0x0000000084ce0000)
  to   space 8704K,   0% used [0x0000000084ce0000, 0x0000000084ce0000, 0x0000000085560000)
 tenured generation   total 174784K, used 96074K [0x00000000aaaa0000, 0x00000000b5550000, 0x0000000100000000)
   the space 174784K,  54% used [0x00000000aaaa0000, 0x00000000b0872af8, 0x00000000b0872c00, 0x00000000b5550000)
 Metaspace       used 106546K, capacity 112990K, committed 113024K, reserved 1146880K
  class space    used 14477K, capacity 15735K, committed 15744K, reserved 1048576K
Event: 635.260 GC heap after
Heap after GC invocations=83 (full 4):
 def new generation   total 78720K, used 2050K [0x0000000080000000, 0x0000000085560000, 0x00000000aaaa0000)
  eden space 70016K,   0% used [0x0000000080000000, 0x0000000080000000, 0x0000000084460000)
  from space 8704K,  23% used [0x0000000084ce0000, 0x0000000084ee0a08, 0x0000000085560000)
  to   space 8704K,   0% used [0x0000000084460000, 0x0000000084460000, 0x0000000084ce0000)
 tenured generation   total 174784K, used 96078K [0x00000000aaaa0000, 0x00000000b5550000, 0x0000000100000000)
   the space 174784K,  54% used [0x00000000aaaa0000, 0x00000000b0873a20, 0x00000000b0873c00, 0x00000000b5550000)
 Metaspace       used 106546K, capacity 112990K, committed 113024K, reserved 1146880K
  class space    used 14477K, capacity 15735K, committed 15744K, reserved 1048576K
}
Event: 636.860 GC heap before
{Heap before GC invocations=83 (full 4):
 def new generation   total 78720K, used 72066K [0x0000000080000000, 0x0000000085560000, 0x00000000aaaa0000)
  eden space 70016K, 100% used [0x0000000080000000, 0x0000000084460000, 0x0000000084460000)
  from space 8704K,  23% used [0x0000000084ce0000, 0x0000000084ee0a08, 0x0000000085560000)
  to   space 8704K,   0% used [0x0000000084460000, 0x0000000084460000, 0x0000000084ce0000)
 tenured generation   total 174784K, used 96078K [0x00000000aaaa0000, 0x00000000b5550000, 0x0000000100000000)
   the space 174784K,  54% used [0x00000000aaaa0000, 0x00000000b0873a20, 0x00000000b0873c00, 0x00000000b5550000)
 Metaspace       used 107046K, capacity 113502K, committed 113536K, reserved 1146880K
  class space    used 14497K, capacity 15735K, committed 15744K, reserved 1048576K
Event: 636.871 GC heap after
Heap after GC invocations=84 (full 4):
 def new generation   total 78720K, used 2504K [0x0000000080000000, 0x0000000085560000, 0x00000000aaaa0000)
  eden space 70016K,   0% used [0x0000000080000000, 0x0000000080000000, 0x0000000084460000)
  from space 8704K,  28% used [0x0000000084460000, 0x00000000846d2178, 0x0000000084ce0000)
  to   space 8704K,   0% used [0x0000000084ce0000, 0x0000000084ce0000, 0x0000000085560000)
 tenured generation   total 174784K, used 96078K [0x00000000aaaa0000, 0x00000000b5550000, 0x0000000100000000)
   the space 174784K,  54% used [0x00000000aaaa0000, 0x00000000b0873a98, 0x00000000b0873c00, 0x00000000b5550000)
 Metaspace       used 107046K, capacity 113502K, committed 113536K, reserved 1146880K
  class space    used 14497K, capacity 15735K, committed 15744K, reserved 1048576K
}
Event: 656.296 GC heap before
{Heap before GC invocations=84 (full 4):
 def new generation   total 78720K, used 72520K [0x0000000080000000, 0x0000000085560000, 0x00000000aaaa0000)
  eden space 70016K, 100% used [0x0000000080000000, 0x0000000084460000, 0x0000000084460000)
  from space 8704K,  28% used [0x0000000084460000, 0x00000000846d2178, 0x0000000084ce0000)
  to   space 8704K,   0% used [0x0000000084ce0000, 0x0000000084ce0000, 0x0000000085560000)
 tenured generation   total 174784K, used 96078K [0x00000000aaaa0000, 0x00000000b5550000, 0x0000000100000000)
   the space 174784K,  54% used [0x00000000aaaa0000, 0x00000000b0873a98, 0x00000000b0873c00, 0x00000000b5550000)
 Metaspace       used 108084K, capacity 114646K, committed 114688K, reserved 1148928K
  class space    used 14592K, capacity 15855K, committed 15872K, reserved 1048576K
Event: 656.308 GC heap after
Heap after GC invocations=85 (full 4):
 def new generation   total 78720K, used 4119K [0x0000000080000000, 0x0000000085560000, 0x00000000aaaa0000)
  eden space 70016K,   0% used [0x0000000080000000, 0x0000000080000000, 0x0000000084460000)
  from space 8704K,  47% used [0x0000000084ce0000, 0x00000000850e5ef8, 0x0000000085560000)
  to   space 8704K,   0% used [0x0000000084460000, 0x0000000084460000, 0x0000000084ce0000)
 tenured generation   total 174784K, used 96078K [0x00000000aaaa0000, 0x00000000b5550000, 0x0000000100000000)
   the space 174784K,  54% used [0x00000000aaaa0000, 0x00000000b0873a98, 0x00000000b0873c00, 0x00000000b5550000)
 Metaspace       used 108084K, capacity 114646K, committed 114688K, reserved 1148928K
  class space    used 14592K, capacity 15855K, committed 15872K, reserved 1048576K
}
Event: 689.621 GC heap before
{Heap before GC invocations=85 (full 4):
 def new generation   total 78720K, used 74135K [0x0000000080000000, 0x0000000085560000, 0x00000000aaaa0000)
  eden space 70016K, 100% used [0x0000000080000000, 0x0000000084460000, 0x0000000084460000)
  from space 8704K,  47% used [0x0000000084ce0000, 0x00000000850e5ef8, 0x0000000085560000)
  to   space 8704K,   0% used [0x0000000084460000, 0x0000000084460000, 0x0000000084ce0000)
 tenured generation   total 174784K, used 96078K [0x00000000aaaa0000, 0x00000000b5550000, 0x0000000100000000)
   the space 174784K,  54% used [0x00000000aaaa0000, 0x00000000b0873a98, 0x00000000b0873c00, 0x00000000b5550000)
 Metaspace       used 108087K, capacity 114646K, committed 114688K, reserved 1148928K
  class space    used 14592K, capacity 15855K, committed 15872K, reserved 1048576K
Event: 689.632 GC heap after
Heap after GC invocations=86 (full 4):
 def new generation   total 78720K, used 1980K [0x0000000080000000, 0x0000000085560000, 0x00000000aaaa0000)
  eden space 70016K,   0% used [0x0000000080000000, 0x0000000080000000, 0x0000000084460000)
  from space 8704K,  22% used [0x0000000084460000, 0x000000008464f370, 0x0000000084ce0000)
  to   space 8704K,   0% used [0x0000000084ce0000, 0x0000000084ce0000, 0x0000000085560000)
 tenured generation   total 174784K, used 96078K [0x00000000aaaa0000, 0x00000000b5550000, 0x0000000100000000)
   the space 174784K,  54% used [0x00000000aaaa0000, 0x00000000b0873a98, 0x00000000b0873c00, 0x00000000b5550000)
 Metaspace       used 108087K, capacity 114646K, committed 114688K, reserved 1148928K
  class space    used 14592K, capacity 15855K, committed 15872K, reserved 1048576K
}
Event: 690.850 GC heap before
{Heap before GC invocations=86 (full 4):
 def new generation   total 78720K, used 71996K [0x0000000080000000, 0x0000000085560000, 0x00000000aaaa0000)
  eden space 70016K, 100% used [0x0000000080000000, 0x0000000084460000, 0x0000000084460000)
  from space 8704K,  22% used [0x0000000084460000, 0x000000008464f370, 0x0000000084ce0000)
  to   space 8704K,   0% used [0x0000000084ce0000, 0x0000000084ce0000, 0x0000000085560000)
 tenured generation   total 174784K, used 96078K [0x00000000aaaa0000, 0x00000000b5550000, 0x0000000100000000)
   the space 174784K,  54% used [0x00000000aaaa0000, 0x00000000b0873a98, 0x00000000b0873c00, 0x00000000b5550000)
 Metaspace       used 108256K, capacity 114838K, committed 114944K, reserved 1148928K
  class space    used 14597K, capacity 15855K, committed 15872K, reserved 1048576K
Event: 690.859 GC heap after
Heap after GC invocations=87 (full 4):
 def new generation   total 78720K, used 2786K [0x0000000080000000, 0x0000000085560000, 0x00000000aaaa0000)
  eden space 70016K,   0% used [0x0000000080000000, 0x0000000080000000, 0x0000000084460000)
  from space 8704K,  32% used [0x0000000084ce0000, 0x0000000084f98990, 0x0000000085560000)
  to   space 8704K,   0% used [0x0000000084460000, 0x0000000084460000, 0x0000000084ce0000)
 tenured generation   total 174784K, used 96078K [0x00000000aaaa0000, 0x00000000b5550000, 0x0000000100000000)
   the space 174784K,  54% used [0x00000000aaaa0000, 0x00000000b0873a98, 0x00000000b0873c00, 0x00000000b5550000)
 Metaspace       used 108256K, capacity 114838K, committed 114944K, reserved 1148928K
  class space    used 14597K, capacity 15855K, committed 15872K, reserved 1048576K
}

