# JRE version: Java(TM) SE Runtime Environment (8.0_152-b16) (build 1.8.0_152-b16)
# Java VM: Dynamic Code Evolution 64-Bit Server VM (25.71-b01-dcevmlight-30 mixed mode windows-amd64 compressed oops)
Heap:
 def new generation   total 78720K, used 11371K [0x0000000080000000, 0x0000000085560000, 0x00000000aaaa0000)
  eden space 70016K,  14% used [0x0000000080000000, 0x0000000080a29400, 0x0000000084460000)
  from space 8704K,  11% used [0x0000000084460000, 0x00000000845519f8, 0x0000000084ce0000)
  to   space 8704K,   0% used [0x0000000084ce0000, 0x0000000084ce0000, 0x0000000085560000)
 tenured generation   total 174784K, used 97932K [0x00000000aaaa0000, 0x00000000b5550000, 0x0000000100000000)
   the space 174784K,  56% used [0x00000000aaaa0000, 0x00000000b0a43158, 0x00000000b0a43200, 0x00000000b5550000)
 Metaspace       used 106283K, capacity 112104K, committed 112256K, reserved 1146880K
  class space    used 14522K, capacity 15692K, committed 15744K, reserved 1048576K
GC Heap History (10 events):
Event: 1194.953 GC heap before
{Heap before GC invocations=91 (full 4):
 def new generation   total 78720K, used 70292K [0x0000000080000000, 0x0000000085560000, 0x00000000aaaa0000)
  eden space 70016K, 100% used [0x0000000080000000, 0x0000000084460000, 0x0000000084460000)
  from space 8704K,   3% used [0x0000000084ce0000, 0x0000000084d25370, 0x0000000085560000)
  to   space 8704K,   0% used [0x0000000084460000, 0x0000000084460000, 0x0000000084ce0000)
 tenured generation   total 174784K, used 97932K [0x00000000aaaa0000, 0x00000000b5550000, 0x0000000100000000)
   the space 174784K,  56% used [0x00000000aaaa0000, 0x00000000b0a43158, 0x00000000b0a43200, 0x00000000b5550000)
 Metaspace       used 103232K, capacity 109128K, committed 109312K, reserved 1142784K
  class space    used 14338K, capacity 15500K, committed 15616K, reserved 1048576K
Event: 1194.957 GC heap after
Heap after GC invocations=92 (full 4):
 def new generation   total 78720K, used 0K [0x0000000080000000, 0x0000000085560000, 0x00000000aaaa0000)
  eden space 70016K,   0% used [0x0000000080000000, 0x0000000080000000, 0x0000000084460000)
  from space 8704K,   0% used [0x0000000084460000, 0x0000000084460260, 0x0000000084ce0000)
  to   space 8704K,   0% used [0x0000000084ce0000, 0x0000000084ce0000, 0x0000000085560000)
 tenured generation   total 174784K, used 97932K [0x00000000aaaa0000, 0x00000000b5550000, 0x0000000100000000)
   the space 174784K,  56% used [0x00000000aaaa0000, 0x00000000b0a43158, 0x00000000b0a43200, 0x00000000b5550000)
 Metaspace       used 103232K, capacity 109128K, committed 109312K, reserved 1142784K
  class space    used 14338K, capacity 15500K, committed 15616K, reserved 1048576K
}
Event: 1241.704 GC heap before
{Heap before GC invocations=92 (full 4):
 def new generation   total 78720K, used 70016K [0x0000000080000000, 0x0000000085560000, 0x00000000aaaa0000)
  eden space 70016K, 100% used [0x0000000080000000, 0x0000000084460000, 0x0000000084460000)
  from space 8704K,   0% used [0x0000000084460000, 0x0000000084460260, 0x0000000084ce0000)
  to   space 8704K,   0% used [0x0000000084ce0000, 0x0000000084ce0000, 0x0000000085560000)
 tenured generation   total 174784K, used 97932K [0x00000000aaaa0000, 0x00000000b5550000, 0x0000000100000000)
   the space 174784K,  56% used [0x00000000aaaa0000, 0x00000000b0a43158, 0x00000000b0a43200, 0x00000000b5550000)
 Metaspace       used 103232K, capacity 109128K, committed 109312K, reserved 1142784K
  class space    used 14338K, capacity 15500K, committed 15616K, reserved 1048576K
Event: 1241.709 GC heap after
Heap after GC invocations=93 (full 4):
 def new generation   total 78720K, used 0K [0x0000000080000000, 0x0000000085560000, 0x00000000aaaa0000)
  eden space 70016K,   0% used [0x0000000080000000, 0x0000000080000000, 0x0000000084460000)
  from space 8704K,   0% used [0x0000000084ce0000, 0x0000000084ce0260, 0x0000000085560000)
  to   space 8704K,   0% used [0x0000000084460000, 0x0000000084460000, 0x0000000084ce0000)
 tenured generation   total 174784K, used 97932K [0x00000000aaaa0000, 0x00000000b5550000, 0x0000000100000000)
   the space 174784K,  56% used [0x00000000aaaa0000, 0x00000000b0a43158, 0x00000000b0a43200, 0x00000000b5550000)
 Metaspace       used 103232K, capacity 109128K, committed 109312K, reserved 1142784K
  class space    used 14338K, capacity 15500K, committed 15616K, reserved 1048576K
}
Event: 1289.332 GC heap before
{Heap before GC invocations=93 (full 4):
 def new generation   total 78720K, used 70016K [0x0000000080000000, 0x0000000085560000, 0x00000000aaaa0000)
  eden space 70016K, 100% used [0x0000000080000000, 0x0000000084460000, 0x0000000084460000)
  from space 8704K,   0% used [0x0000000084ce0000, 0x0000000084ce0260, 0x0000000085560000)
  to   space 8704K,   0% used [0x0000000084460000, 0x0000000084460000, 0x0000000084ce0000)
 tenured generation   total 174784K, used 97932K [0x00000000aaaa0000, 0x00000000b5550000, 0x0000000100000000)
   the space 174784K,  56% used [0x00000000aaaa0000, 0x00000000b0a43158, 0x00000000b0a43200, 0x00000000b5550000)
 Metaspace       used 103232K, capacity 109128K, committed 109312K, reserved 1142784K
  class space    used 14338K, capacity 15500K, committed 15616K, reserved 1048576K
Event: 1289.336 GC heap after
Heap after GC invocations=94 (full 4):
 def new generation   total 78720K, used 205K [0x0000000080000000, 0x0000000085560000, 0x00000000aaaa0000)
  eden space 70016K,   0% used [0x0000000080000000, 0x0000000080000000, 0x0000000084460000)
  from space 8704K,   2% used [0x0000000084460000, 0x0000000084493540, 0x0000000084ce0000)
  to   space 8704K,   0% used [0x0000000084ce0000, 0x0000000084ce0000, 0x0000000085560000)
 tenured generation   total 174784K, used 97932K [0x00000000aaaa0000, 0x00000000b5550000, 0x0000000100000000)
   the space 174784K,  56% used [0x00000000aaaa0000, 0x00000000b0a43158, 0x00000000b0a43200, 0x00000000b5550000)
 Metaspace       used 103232K, capacity 109128K, committed 109312K, reserved 1142784K
  class space    used 14338K, capacity 15500K, committed 15616K, reserved 1048576K
}
Event: 1320.212 GC heap before
{Heap before GC invocations=94 (full 4):
 def new generation   total 78720K, used 70221K [0x0000000080000000, 0x0000000085560000, 0x00000000aaaa0000)
  eden space 70016K, 100% used [0x0000000080000000, 0x0000000084460000, 0x0000000084460000)
  from space 8704K,   2% used [0x0000000084460000, 0x0000000084493540, 0x0000000084ce0000)
  to   space 8704K,   0% used [0x0000000084ce0000, 0x0000000084ce0000, 0x0000000085560000)
 tenured generation   total 174784K, used 97932K [0x00000000aaaa0000, 0x00000000b5550000, 0x0000000100000000)
   the space 174784K,  56% used [0x00000000aaaa0000, 0x00000000b0a43158, 0x00000000b0a43200, 0x00000000b5550000)
 Metaspace       used 103402K, capacity 109464K, committed 109568K, reserved 1142784K
  class space    used 14342K, capacity 15556K, committed 15616K, reserved 1048576K
Event: 1320.222 GC heap after
Heap after GC invocations=95 (full 4):
 def new generation   total 78720K, used 2940K [0x0000000080000000, 0x0000000085560000, 0x00000000aaaa0000)
  eden space 70016K,   0% used [0x0000000080000000, 0x0000000080000000, 0x0000000084460000)
  from space 8704K,  33% used [0x0000000084ce0000, 0x0000000084fbf320, 0x0000000085560000)
  to   space 8704K,   0% used [0x0000000084460000, 0x0000000084460000, 0x0000000084ce0000)
 tenured generation   total 174784K, used 97932K [0x00000000aaaa0000, 0x00000000b5550000, 0x0000000100000000)
   the space 174784K,  56% used [0x00000000aaaa0000, 0x00000000b0a43158, 0x00000000b0a43200, 0x00000000b5550000)
 Metaspace       used 103402K, capacity 109464K, committed 109568K, reserved 1142784K
  class space    used 14342K, capacity 15556K, committed 15616K, reserved 1048576K
}
Event: 1325.763 GC heap before
{Heap before GC invocations=95 (full 4):
 def new generation   total 78720K, used 72953K [0x0000000080000000, 0x0000000085560000, 0x00000000aaaa0000)
  eden space 70016K,  99% used [0x0000000080000000, 0x000000008445f3f0, 0x0000000084460000)
  from space 8704K,  33% used [0x0000000084ce0000, 0x0000000084fbf320, 0x0000000085560000)
  to   space 8704K,   0% used [0x0000000084460000, 0x0000000084460000, 0x0000000084ce0000)
 tenured generation   total 174784K, used 97932K [0x00000000aaaa0000, 0x00000000b5550000, 0x0000000100000000)
   the space 174784K,  56% used [0x00000000aaaa0000, 0x00000000b0a43158, 0x00000000b0a43200, 0x00000000b5550000)
 Metaspace       used 105906K, capacity 111752K, committed 112000K, reserved 1144832K
  class space    used 14504K, capacity 15660K, committed 15744K, reserved 1048576K
Event: 1325.771 GC heap after
Heap after GC invocations=96 (full 4):
 def new generation   total 78720K, used 966K [0x0000000080000000, 0x0000000085560000, 0x00000000aaaa0000)
  eden space 70016K,   0% used [0x0000000080000000, 0x0000000080000000, 0x0000000084460000)
  from space 8704K,  11% used [0x0000000084460000, 0x00000000845519f8, 0x0000000084ce0000)
  to   space 8704K,   0% used [0x0000000084ce0000, 0x0000000084ce0000, 0x0000000085560000)
 tenured generation   total 174784K, used 97932K [0x00000000aaaa0000, 0x00000000b5550000, 0x0000000100000000)
   the space 174784K,  56% used [0x00000000aaaa0000, 0x00000000b0a43158, 0x00000000b0a43200, 0x00000000b5550000)
 Metaspace       used 105906K, capacity 111752K, committed 112000K, reserved 1144832K
  class space    used 14504K, capacity 15660K, committed 15744K, reserved 1048576K
}

