# JRE version: Java(TM) SE Runtime Environment (8.0_152-b16) (build 1.8.0_152-b16)
# Java VM: Dynamic Code Evolution 64-Bit Server VM (25.71-b01-dcevmlight-30 mixed mode windows-amd64 compressed oops)
Heap:
 def new generation   total 78720K, used 69050K [0x0000000080000000, 0x0000000085560000, 0x00000000aaaa0000)
  eden space 70016K,  97% used [0x0000000080000000, 0x00000000842c35a0, 0x0000000084460000)
  from space 8704K,   7% used [0x0000000084ce0000, 0x0000000084d8b650, 0x0000000085560000)
  to   space 8704K,   0% used [0x0000000084460000, 0x0000000084460000, 0x0000000084ce0000)
 tenured generation   total 174784K, used 109996K [0x00000000aaaa0000, 0x00000000b5550000, 0x0000000100000000)
   the space 174784K,  62% used [0x00000000aaaa0000, 0x00000000b160b378, 0x00000000b160b400, 0x00000000b5550000)
 Metaspace       used 121199K, capacity 129138K, committed 129496K, reserved 1161216K
  class space    used 15626K, capacity 17053K, committed 17152K, reserved 1048576K
GC Heap History (10 events):
Event: 5170.598 GC heap before
{Heap before GC invocations=229 (full 5):
 def new generation   total 78720K, used 70016K [0x0000000080000000, 0x0000000085560000, 0x00000000aaaa0000)
  eden space 70016K, 100% used [0x0000000080000000, 0x0000000084460000, 0x0000000084460000)
  from space 8704K,   0% used [0x0000000084460000, 0x0000000084460200, 0x0000000084ce0000)
  to   space 8704K,   0% used [0x0000000084ce0000, 0x0000000084ce0000, 0x0000000085560000)
 tenured generation   total 174784K, used 109996K [0x00000000aaaa0000, 0x00000000b5550000, 0x0000000100000000)
   the space 174784K,  62% used [0x00000000aaaa0000, 0x00000000b160b378, 0x00000000b160b400, 0x00000000b5550000)
 Metaspace       used 121021K, capacity 128810K, committed 129496K, reserved 1161216K
  class space    used 15583K, capacity 16987K, committed 17152K, reserved 1048576K
Event: 5170.601 GC heap after
Heap after GC invocations=230 (full 5):
 def new generation   total 78720K, used 0K [0x0000000080000000, 0x0000000085560000, 0x00000000aaaa0000)
  eden space 70016K,   0% used [0x0000000080000000, 0x0000000080000000, 0x0000000084460000)
  from space 8704K,   0% used [0x0000000084ce0000, 0x0000000084ce0200, 0x0000000085560000)
  to   space 8704K,   0% used [0x0000000084460000, 0x0000000084460000, 0x0000000084ce0000)
 tenured generation   total 174784K, used 109996K [0x00000000aaaa0000, 0x00000000b5550000, 0x0000000100000000)
   the space 174784K,  62% used [0x00000000aaaa0000, 0x00000000b160b378, 0x00000000b160b400, 0x00000000b5550000)
 Metaspace       used 121021K, capacity 128810K, committed 129496K, reserved 1161216K
  class space    used 15583K, capacity 16987K, committed 17152K, reserved 1048576K
}
Event: 5216.993 GC heap before
{Heap before GC invocations=230 (full 5):
 def new generation   total 78720K, used 70016K [0x0000000080000000, 0x0000000085560000, 0x00000000aaaa0000)
  eden space 70016K, 100% used [0x0000000080000000, 0x0000000084460000, 0x0000000084460000)
  from space 8704K,   0% used [0x0000000084ce0000, 0x0000000084ce0200, 0x0000000085560000)
  to   space 8704K,   0% used [0x0000000084460000, 0x0000000084460000, 0x0000000084ce0000)
 tenured generation   total 174784K, used 109996K [0x00000000aaaa0000, 0x00000000b5550000, 0x0000000100000000)
   the space 174784K,  62% used [0x00000000aaaa0000, 0x00000000b160b378, 0x00000000b160b400, 0x00000000b5550000)
 Metaspace       used 121021K, capacity 128810K, committed 129496K, reserved 1161216K
  class space    used 15583K, capacity 16987K, committed 17152K, reserved 1048576K
Event: 5216.997 GC heap after
Heap after GC invocations=231 (full 5):
 def new generation   total 78720K, used 0K [0x0000000080000000, 0x0000000085560000, 0x00000000aaaa0000)
  eden space 70016K,   0% used [0x0000000080000000, 0x0000000080000000, 0x0000000084460000)
  from space 8704K,   0% used [0x0000000084460000, 0x0000000084460238, 0x0000000084ce0000)
  to   space 8704K,   0% used [0x0000000084ce0000, 0x0000000084ce0000, 0x0000000085560000)
 tenured generation   total 174784K, used 109996K [0x00000000aaaa0000, 0x00000000b5550000, 0x0000000100000000)
   the space 174784K,  62% used [0x00000000aaaa0000, 0x00000000b160b378, 0x00000000b160b400, 0x00000000b5550000)
 Metaspace       used 121021K, capacity 128810K, committed 129496K, reserved 1161216K
  class space    used 15583K, capacity 16987K, committed 17152K, reserved 1048576K
}
Event: 5262.153 GC heap before
{Heap before GC invocations=231 (full 5):
 def new generation   total 78720K, used 70016K [0x0000000080000000, 0x0000000085560000, 0x00000000aaaa0000)
  eden space 70016K, 100% used [0x0000000080000000, 0x0000000084460000, 0x0000000084460000)
  from space 8704K,   0% used [0x0000000084460000, 0x0000000084460238, 0x0000000084ce0000)
  to   space 8704K,   0% used [0x0000000084ce0000, 0x0000000084ce0000, 0x0000000085560000)
 tenured generation   total 174784K, used 109996K [0x00000000aaaa0000, 0x00000000b5550000, 0x0000000100000000)
   the space 174784K,  62% used [0x00000000aaaa0000, 0x00000000b160b378, 0x00000000b160b400, 0x00000000b5550000)
 Metaspace       used 121021K, capacity 128810K, committed 129496K, reserved 1161216K
  class space    used 15583K, capacity 16987K, committed 17152K, reserved 1048576K
Event: 5262.157 GC heap after
Heap after GC invocations=232 (full 5):
 def new generation   total 78720K, used 239K [0x0000000080000000, 0x0000000085560000, 0x00000000aaaa0000)
  eden space 70016K,   0% used [0x0000000080000000, 0x0000000080000000, 0x0000000084460000)
  from space 8704K,   2% used [0x0000000084ce0000, 0x0000000084d1bd70, 0x0000000085560000)
  to   space 8704K,   0% used [0x0000000084460000, 0x0000000084460000, 0x0000000084ce0000)
 tenured generation   total 174784K, used 109996K [0x00000000aaaa0000, 0x00000000b5550000, 0x0000000100000000)
   the space 174784K,  62% used [0x00000000aaaa0000, 0x00000000b160b378, 0x00000000b160b400, 0x00000000b5550000)
 Metaspace       used 121021K, capacity 128810K, committed 129496K, reserved 1161216K
  class space    used 15583K, capacity 16987K, committed 17152K, reserved 1048576K
}
Event: 5309.215 GC heap before
{Heap before GC invocations=232 (full 5):
 def new generation   total 78720K, used 70255K [0x0000000080000000, 0x0000000085560000, 0x00000000aaaa0000)
  eden space 70016K, 100% used [0x0000000080000000, 0x0000000084460000, 0x0000000084460000)
  from space 8704K,   2% used [0x0000000084ce0000, 0x0000000084d1bd70, 0x0000000085560000)
  to   space 8704K,   0% used [0x0000000084460000, 0x0000000084460000, 0x0000000084ce0000)
 tenured generation   total 174784K, used 109996K [0x00000000aaaa0000, 0x00000000b5550000, 0x0000000100000000)
   the space 174784K,  62% used [0x00000000aaaa0000, 0x00000000b160b378, 0x00000000b160b400, 0x00000000b5550000)
 Metaspace       used 121021K, capacity 128810K, committed 129496K, reserved 1161216K
  class space    used 15583K, capacity 16987K, committed 17152K, reserved 1048576K
Event: 5309.219 GC heap after
Heap after GC invocations=233 (full 5):
 def new generation   total 78720K, used 278K [0x0000000080000000, 0x0000000085560000, 0x00000000aaaa0000)
  eden space 70016K,   0% used [0x0000000080000000, 0x0000000080000000, 0x0000000084460000)
  from space 8704K,   3% used [0x0000000084460000, 0x00000000844a5830, 0x0000000084ce0000)
  to   space 8704K,   0% used [0x0000000084ce0000, 0x0000000084ce0000, 0x0000000085560000)
 tenured generation   total 174784K, used 109996K [0x00000000aaaa0000, 0x00000000b5550000, 0x0000000100000000)
   the space 174784K,  62% used [0x00000000aaaa0000, 0x00000000b160b378, 0x00000000b160b400, 0x00000000b5550000)
 Metaspace       used 121021K, capacity 128810K, committed 129496K, reserved 1161216K
  class space    used 15583K, capacity 16987K, committed 17152K, reserved 1048576K
}
Event: 5356.360 GC heap before
{Heap before GC invocations=233 (full 5):
 def new generation   total 78720K, used 70294K [0x0000000080000000, 0x0000000085560000, 0x00000000aaaa0000)
  eden space 70016K, 100% used [0x0000000080000000, 0x0000000084460000, 0x0000000084460000)
  from space 8704K,   3% used [0x0000000084460000, 0x00000000844a5830, 0x0000000084ce0000)
  to   space 8704K,   0% used [0x0000000084ce0000, 0x0000000084ce0000, 0x0000000085560000)
 tenured generation   total 174784K, used 109996K [0x00000000aaaa0000, 0x00000000b5550000, 0x0000000100000000)
   the space 174784K,  62% used [0x00000000aaaa0000, 0x00000000b160b378, 0x00000000b160b400, 0x00000000b5550000)
 Metaspace       used 121024K, capacity 128810K, committed 129496K, reserved 1161216K
  class space    used 15583K, capacity 16987K, committed 17152K, reserved 1048576K
Event: 5356.364 GC heap after
Heap after GC invocations=234 (full 5):
 def new generation   total 78720K, used 685K [0x0000000080000000, 0x0000000085560000, 0x00000000aaaa0000)
  eden space 70016K,   0% used [0x0000000080000000, 0x0000000080000000, 0x0000000084460000)
  from space 8704K,   7% used [0x0000000084ce0000, 0x0000000084d8b650, 0x0000000085560000)
  to   space 8704K,   0% used [0x0000000084460000, 0x0000000084460000, 0x0000000084ce0000)
 tenured generation   total 174784K, used 109996K [0x00000000aaaa0000, 0x00000000b5550000, 0x0000000100000000)
   the space 174784K,  62% used [0x00000000aaaa0000, 0x00000000b160b378, 0x00000000b160b400, 0x00000000b5550000)
 Metaspace       used 121024K, capacity 128810K, committed 129496K, reserved 1161216K
  class space    used 15583K, capacity 16987K, committed 17152K, reserved 1048576K
}

