# JRE version: Java(TM) SE Runtime Environment (8.0_152-b16) (build 1.8.0_152-b16)
# Java VM: Dynamic Code Evolution 64-Bit Server VM (25.71-b01-dcevmlight-30 mixed mode windows-amd64 compressed oops)
Heap:
 def new generation   total 78720K, used 6698K [0x0000000080000000, 0x0000000085560000, 0x00000000aaaa0000)
  eden space 70016K,   6% used [0x0000000080000000, 0x00000000804afe20, 0x0000000084460000)
  from space 8704K,  21% used [0x0000000084ce0000, 0x0000000084ebaa60, 0x0000000085560000)
  to   space 8704K,   0% used [0x0000000084460000, 0x0000000084460000, 0x0000000084ce0000)
 tenured generation   total 174784K, used 109741K [0x00000000aaaa0000, 0x00000000b5550000, 0x0000000100000000)
   the space 174784K,  62% used [0x00000000aaaa0000, 0x00000000b15cb638, 0x00000000b15cb800, 0x00000000b5550000)
 Metaspace       used 112084K, capacity 117654K, committed 117888K, reserved 1150976K
  class space    used 15045K, capacity 16203K, committed 16256K, reserved 1048576K
GC Heap History (10 events):
Event: 52.139 GC heap before
{Heap before GC invocations=68 (full 4):
 def new generation   total 78720K, used 73692K [0x0000000080000000, 0x0000000085560000, 0x00000000aaaa0000)
  eden space 70016K, 100% used [0x0000000080000000, 0x0000000084460000, 0x0000000084460000)
  from space 8704K,  42% used [0x0000000084460000, 0x00000000847f7170, 0x0000000084ce0000)
  to   space 8704K,   0% used [0x0000000084ce0000, 0x0000000084ce0000, 0x0000000085560000)
 tenured generation   total 174784K, used 102535K [0x00000000aaaa0000, 0x00000000b5550000, 0x0000000100000000)
   the space 174784K,  58% used [0x00000000aaaa0000, 0x00000000b0ec1d48, 0x00000000b0ec1e00, 0x00000000b5550000)
 Metaspace       used 108324K, capacity 114214K, committed 114432K, reserved 1146880K
  class space    used 14842K, capacity 16019K, committed 16128K, reserved 1048576K
Event: 52.160 GC heap after
Heap after GC invocations=69 (full 4):
 def new generation   total 78720K, used 8704K [0x0000000080000000, 0x0000000085560000, 0x00000000aaaa0000)
  eden space 70016K,   0% used [0x0000000080000000, 0x0000000080000000, 0x0000000084460000)
  from space 8704K, 100% used [0x0000000084ce0000, 0x0000000085560000, 0x0000000085560000)
  to   space 8704K,   0% used [0x0000000084460000, 0x0000000084460000, 0x0000000084ce0000)
 tenured generation   total 174784K, used 103284K [0x00000000aaaa0000, 0x00000000b5550000, 0x0000000100000000)
   the space 174784K,  59% used [0x00000000aaaa0000, 0x00000000b0f7d150, 0x00000000b0f7d200, 0x00000000b5550000)
 Metaspace       used 108324K, capacity 114214K, committed 114432K, reserved 1146880K
  class space    used 14842K, capacity 16019K, committed 16128K, reserved 1048576K
}
Event: 89.922 GC heap before
{Heap before GC invocations=69 (full 4):
 def new generation   total 78720K, used 78720K [0x0000000080000000, 0x0000000085560000, 0x00000000aaaa0000)
  eden space 70016K, 100% used [0x0000000080000000, 0x0000000084460000, 0x0000000084460000)
  from space 8704K, 100% used [0x0000000084ce0000, 0x0000000085560000, 0x0000000085560000)
  to   space 8704K,   0% used [0x0000000084460000, 0x0000000084460000, 0x0000000084ce0000)
 tenured generation   total 174784K, used 103284K [0x00000000aaaa0000, 0x00000000b5550000, 0x0000000100000000)
   the space 174784K,  59% used [0x00000000aaaa0000, 0x00000000b0f7d150, 0x00000000b0f7d200, 0x00000000b5550000)
 Metaspace       used 108592K, capacity 114574K, committed 114688K, reserved 1148928K
  class space    used 14875K, capacity 16063K, committed 16128K, reserved 1048576K
Event: 89.939 GC heap after
Heap after GC invocations=70 (full 4):
 def new generation   total 78720K, used 1042K [0x0000000080000000, 0x0000000085560000, 0x00000000aaaa0000)
  eden space 70016K,   0% used [0x0000000080000000, 0x0000000080000000, 0x0000000084460000)
  from space 8704K,  11% used [0x0000000084460000, 0x0000000084564a40, 0x0000000084ce0000)
  to   space 8704K,   0% used [0x0000000084ce0000, 0x0000000084ce0000, 0x0000000085560000)
 tenured generation   total 174784K, used 109741K [0x00000000aaaa0000, 0x00000000b5550000, 0x0000000100000000)
   the space 174784K,  62% used [0x00000000aaaa0000, 0x00000000b15cb638, 0x00000000b15cb800, 0x00000000b5550000)
 Metaspace       used 108592K, capacity 114574K, committed 114688K, reserved 1148928K
  class space    used 14875K, capacity 16063K, committed 16128K, reserved 1048576K
}
Event: 136.781 GC heap before
{Heap before GC invocations=70 (full 4):
 def new generation   total 78720K, used 71058K [0x0000000080000000, 0x0000000085560000, 0x00000000aaaa0000)
  eden space 70016K, 100% used [0x0000000080000000, 0x0000000084460000, 0x0000000084460000)
  from space 8704K,  11% used [0x0000000084460000, 0x0000000084564a40, 0x0000000084ce0000)
  to   space 8704K,   0% used [0x0000000084ce0000, 0x0000000084ce0000, 0x0000000085560000)
 tenured generation   total 174784K, used 109741K [0x00000000aaaa0000, 0x00000000b5550000, 0x0000000100000000)
   the space 174784K,  62% used [0x00000000aaaa0000, 0x00000000b15cb638, 0x00000000b15cb800, 0x00000000b5550000)
 Metaspace       used 108594K, capacity 114574K, committed 114688K, reserved 1148928K
  class space    used 14875K, capacity 16063K, committed 16128K, reserved 1048576K
Event: 136.788 GC heap after
Heap after GC invocations=71 (full 4):
 def new generation   total 78720K, used 1022K [0x0000000080000000, 0x0000000085560000, 0x00000000aaaa0000)
  eden space 70016K,   0% used [0x0000000080000000, 0x0000000080000000, 0x0000000084460000)
  from space 8704K,  11% used [0x0000000084ce0000, 0x0000000084ddfae8, 0x0000000085560000)
  to   space 8704K,   0% used [0x0000000084460000, 0x0000000084460000, 0x0000000084ce0000)
 tenured generation   total 174784K, used 109741K [0x00000000aaaa0000, 0x00000000b5550000, 0x0000000100000000)
   the space 174784K,  62% used [0x00000000aaaa0000, 0x00000000b15cb638, 0x00000000b15cb800, 0x00000000b5550000)
 Metaspace       used 108594K, capacity 114574K, committed 114688K, reserved 1148928K
  class space    used 14875K, capacity 16063K, committed 16128K, reserved 1048576K
}
Event: 163.452 GC heap before
{Heap before GC invocations=71 (full 4):
 def new generation   total 78720K, used 71038K [0x0000000080000000, 0x0000000085560000, 0x00000000aaaa0000)
  eden space 70016K, 100% used [0x0000000080000000, 0x0000000084460000, 0x0000000084460000)
  from space 8704K,  11% used [0x0000000084ce0000, 0x0000000084ddfae8, 0x0000000085560000)
  to   space 8704K,   0% used [0x0000000084460000, 0x0000000084460000, 0x0000000084ce0000)
 tenured generation   total 174784K, used 109741K [0x00000000aaaa0000, 0x00000000b5550000, 0x0000000100000000)
   the space 174784K,  62% used [0x00000000aaaa0000, 0x00000000b15cb638, 0x00000000b15cb800, 0x00000000b5550000)
 Metaspace       used 109225K, capacity 115038K, committed 115200K, reserved 1148928K
  class space    used 14908K, capacity 16103K, committed 16128K, reserved 1048576K
Event: 163.475 GC heap after
Heap after GC invocations=72 (full 4):
 def new generation   total 78720K, used 1648K [0x0000000080000000, 0x0000000085560000, 0x00000000aaaa0000)
  eden space 70016K,   0% used [0x0000000080000000, 0x0000000080000000, 0x0000000084460000)
  from space 8704K,  18% used [0x0000000084460000, 0x00000000845fc330, 0x0000000084ce0000)
  to   space 8704K,   0% used [0x0000000084ce0000, 0x0000000084ce0000, 0x0000000085560000)
 tenured generation   total 174784K, used 109741K [0x00000000aaaa0000, 0x00000000b5550000, 0x0000000100000000)
   the space 174784K,  62% used [0x00000000aaaa0000, 0x00000000b15cb638, 0x00000000b15cb800, 0x00000000b5550000)
 Metaspace       used 109225K, capacity 115038K, committed 115200K, reserved 1148928K
  class space    used 14908K, capacity 16103K, committed 16128K, reserved 1048576K
}
Event: 168.276 GC heap before
{Heap before GC invocations=72 (full 4):
 def new generation   total 78720K, used 71664K [0x0000000080000000, 0x0000000085560000, 0x00000000aaaa0000)
  eden space 70016K, 100% used [0x0000000080000000, 0x0000000084460000, 0x0000000084460000)
  from space 8704K,  18% used [0x0000000084460000, 0x00000000845fc330, 0x0000000084ce0000)
  to   space 8704K,   0% used [0x0000000084ce0000, 0x0000000084ce0000, 0x0000000085560000)
 tenured generation   total 174784K, used 109741K [0x00000000aaaa0000, 0x00000000b5550000, 0x0000000100000000)
   the space 174784K,  62% used [0x00000000aaaa0000, 0x00000000b15cb638, 0x00000000b15cb800, 0x00000000b5550000)
 Metaspace       used 111927K, capacity 117520K, committed 117632K, reserved 1150976K
  class space    used 15036K, capacity 16202K, committed 16256K, reserved 1048576K
Event: 168.287 GC heap after
Heap after GC invocations=73 (full 4):
 def new generation   total 78720K, used 1898K [0x0000000080000000, 0x0000000085560000, 0x00000000aaaa0000)
  eden space 70016K,   0% used [0x0000000080000000, 0x0000000080000000, 0x0000000084460000)
  from space 8704K,  21% used [0x0000000084ce0000, 0x0000000084ebaa60, 0x0000000085560000)
  to   space 8704K,   0% used [0x0000000084460000, 0x0000000084460000, 0x0000000084ce0000)
 tenured generation   total 174784K, used 109741K [0x00000000aaaa0000, 0x00000000b5550000, 0x0000000100000000)
   the space 174784K,  62% used [0x00000000aaaa0000, 0x00000000b15cb638, 0x00000000b15cb800, 0x00000000b5550000)
 Metaspace       used 111927K, capacity 117520K, committed 117632K, reserved 1150976K
  class space    used 15036K, capacity 16202K, committed 16256K, reserved 1048576K
}

