# JRE version: Java(TM) SE Runtime Environment (8.0_152-b16) (build 1.8.0_152-b16)
# Java VM: Dynamic Code Evolution 64-Bit Server VM (25.71-b01-dcevmlight-30 mixed mode windows-amd64 compressed oops)
Heap:
 def new generation   total 78720K, used 38664K [0x0000000080000000, 0x0000000085560000, 0x00000000aaaa0000)
  eden space 70016K,  51% used [0x0000000080000000, 0x000000008235a0b8, 0x0000000084460000)
  from space 8704K,  28% used [0x0000000084ce0000, 0x0000000084f48290, 0x0000000085560000)
  to   space 8704K,   0% used [0x0000000084460000, 0x0000000084460000, 0x0000000084ce0000)
 tenured generation   total 174784K, used 96881K [0x00000000aaaa0000, 0x00000000b5550000, 0x0000000100000000)
   the space 174784K,  55% used [0x00000000aaaa0000, 0x00000000b093c748, 0x00000000b093c800, 0x00000000b5550000)
 Metaspace       used 107472K, capacity 114454K, committed 114688K, reserved 1148928K
  class space    used 14559K, capacity 15849K, committed 15872K, reserved 1048576K
GC Heap History (10 events):
Event: 377.476 GC heap before
{Heap before GC invocations=78 (full 4):
 def new generation   total 78720K, used 73866K [0x0000000080000000, 0x0000000085560000, 0x00000000aaaa0000)
  eden space 70016K, 100% used [0x0000000080000000, 0x0000000084460000, 0x0000000084460000)
  from space 8704K,  44% used [0x0000000084460000, 0x0000000084822b40, 0x0000000084ce0000)
  to   space 8704K,   0% used [0x0000000084ce0000, 0x0000000084ce0000, 0x0000000085560000)
 tenured generation   total 174784K, used 96370K [0x00000000aaaa0000, 0x00000000b5550000, 0x0000000100000000)
   the space 174784K,  55% used [0x00000000aaaa0000, 0x00000000b08bcb70, 0x00000000b08bcc00, 0x00000000b5550000)
 Metaspace       used 106913K, capacity 113700K, committed 113920K, reserved 1146880K
  class space    used 14525K, capacity 15804K, committed 15872K, reserved 1048576K
Event: 377.501 GC heap after
Heap after GC invocations=79 (full 4):
 def new generation   total 78720K, used 4806K [0x0000000080000000, 0x0000000085560000, 0x00000000aaaa0000)
  eden space 70016K,   0% used [0x0000000080000000, 0x0000000080000000, 0x0000000084460000)
  from space 8704K,  55% used [0x0000000084ce0000, 0x00000000851918c8, 0x0000000085560000)
  to   space 8704K,   0% used [0x0000000084460000, 0x0000000084460000, 0x0000000084ce0000)
 tenured generation   total 174784K, used 96370K [0x00000000aaaa0000, 0x00000000b5550000, 0x0000000100000000)
   the space 174784K,  55% used [0x00000000aaaa0000, 0x00000000b08bcb70, 0x00000000b08bcc00, 0x00000000b5550000)
 Metaspace       used 106913K, capacity 113700K, committed 113920K, reserved 1146880K
  class space    used 14525K, capacity 15804K, committed 15872K, reserved 1048576K
}
Event: 413.769 GC heap before
{Heap before GC invocations=79 (full 4):
 def new generation   total 78720K, used 74822K [0x0000000080000000, 0x0000000085560000, 0x00000000aaaa0000)
  eden space 70016K, 100% used [0x0000000080000000, 0x0000000084460000, 0x0000000084460000)
  from space 8704K,  55% used [0x0000000084ce0000, 0x00000000851918c8, 0x0000000085560000)
  to   space 8704K,   0% used [0x0000000084460000, 0x0000000084460000, 0x0000000084ce0000)
 tenured generation   total 174784K, used 96370K [0x00000000aaaa0000, 0x00000000b5550000, 0x0000000100000000)
   the space 174784K,  55% used [0x00000000aaaa0000, 0x00000000b08bcb70, 0x00000000b08bcc00, 0x00000000b5550000)
 Metaspace       used 106996K, capacity 113776K, committed 113920K, reserved 1146880K
  class space    used 14527K, capacity 15806K, committed 15872K, reserved 1048576K
Event: 413.777 GC heap after
Heap after GC invocations=80 (full 4):
 def new generation   total 78720K, used 1950K [0x0000000080000000, 0x0000000085560000, 0x00000000aaaa0000)
  eden space 70016K,   0% used [0x0000000080000000, 0x0000000080000000, 0x0000000084460000)
  from space 8704K,  22% used [0x0000000084460000, 0x0000000084647998, 0x0000000084ce0000)
  to   space 8704K,   0% used [0x0000000084ce0000, 0x0000000084ce0000, 0x0000000085560000)
 tenured generation   total 174784K, used 96881K [0x00000000aaaa0000, 0x00000000b5550000, 0x0000000100000000)
   the space 174784K,  55% used [0x00000000aaaa0000, 0x00000000b093c748, 0x00000000b093c800, 0x00000000b5550000)
 Metaspace       used 106996K, capacity 113776K, committed 113920K, reserved 1146880K
  class space    used 14527K, capacity 15806K, committed 15872K, reserved 1048576K
}
Event: 461.402 GC heap before
{Heap before GC invocations=80 (full 4):
 def new generation   total 78720K, used 71966K [0x0000000080000000, 0x0000000085560000, 0x00000000aaaa0000)
  eden space 70016K, 100% used [0x0000000080000000, 0x0000000084460000, 0x0000000084460000)
  from space 8704K,  22% used [0x0000000084460000, 0x0000000084647998, 0x0000000084ce0000)
  to   space 8704K,   0% used [0x0000000084ce0000, 0x0000000084ce0000, 0x0000000085560000)
 tenured generation   total 174784K, used 96881K [0x00000000aaaa0000, 0x00000000b5550000, 0x0000000100000000)
   the space 174784K,  55% used [0x00000000aaaa0000, 0x00000000b093c748, 0x00000000b093c800, 0x00000000b5550000)
 Metaspace       used 106996K, capacity 113776K, committed 113920K, reserved 1146880K
  class space    used 14527K, capacity 15806K, committed 15872K, reserved 1048576K
Event: 461.410 GC heap after
Heap after GC invocations=81 (full 4):
 def new generation   total 78720K, used 2001K [0x0000000080000000, 0x0000000085560000, 0x00000000aaaa0000)
  eden space 70016K,   0% used [0x0000000080000000, 0x0000000080000000, 0x0000000084460000)
  from space 8704K,  22% used [0x0000000084ce0000, 0x0000000084ed45e8, 0x0000000085560000)
  to   space 8704K,   0% used [0x0000000084460000, 0x0000000084460000, 0x0000000084ce0000)
 tenured generation   total 174784K, used 96881K [0x00000000aaaa0000, 0x00000000b5550000, 0x0000000100000000)
   the space 174784K,  55% used [0x00000000aaaa0000, 0x00000000b093c748, 0x00000000b093c800, 0x00000000b5550000)
 Metaspace       used 106996K, capacity 113776K, committed 113920K, reserved 1146880K
  class space    used 14527K, capacity 15806K, committed 15872K, reserved 1048576K
}
Event: 470.574 GC heap before
{Heap before GC invocations=81 (full 4):
 def new generation   total 78720K, used 72017K [0x0000000080000000, 0x0000000085560000, 0x00000000aaaa0000)
  eden space 70016K, 100% used [0x0000000080000000, 0x0000000084460000, 0x0000000084460000)
  from space 8704K,  22% used [0x0000000084ce0000, 0x0000000084ed45e8, 0x0000000085560000)
  to   space 8704K,   0% used [0x0000000084460000, 0x0000000084460000, 0x0000000084ce0000)
 tenured generation   total 174784K, used 96881K [0x00000000aaaa0000, 0x00000000b5550000, 0x0000000100000000)
   the space 174784K,  55% used [0x00000000aaaa0000, 0x00000000b093c748, 0x00000000b093c800, 0x00000000b5550000)
 Metaspace       used 107354K, capacity 114296K, committed 114432K, reserved 1148928K
  class space    used 14554K, capacity 15844K, committed 15872K, reserved 1048576K
Event: 470.590 GC heap after
Heap after GC invocations=82 (full 4):
 def new generation   total 78720K, used 3871K [0x0000000080000000, 0x0000000085560000, 0x00000000aaaa0000)
  eden space 70016K,   0% used [0x0000000080000000, 0x0000000080000000, 0x0000000084460000)
  from space 8704K,  44% used [0x0000000084460000, 0x0000000084827cb8, 0x0000000084ce0000)
  to   space 8704K,   0% used [0x0000000084ce0000, 0x0000000084ce0000, 0x0000000085560000)
 tenured generation   total 174784K, used 96881K [0x00000000aaaa0000, 0x00000000b5550000, 0x0000000100000000)
   the space 174784K,  55% used [0x00000000aaaa0000, 0x00000000b093c748, 0x00000000b093c800, 0x00000000b5550000)
 Metaspace       used 107354K, capacity 114296K, committed 114432K, reserved 1148928K
  class space    used 14554K, capacity 15844K, committed 15872K, reserved 1048576K
}
Event: 514.752 GC heap before
{Heap before GC invocations=82 (full 4):
 def new generation   total 78720K, used 73887K [0x0000000080000000, 0x0000000085560000, 0x00000000aaaa0000)
  eden space 70016K, 100% used [0x0000000080000000, 0x0000000084460000, 0x0000000084460000)
  from space 8704K,  44% used [0x0000000084460000, 0x0000000084827cb8, 0x0000000084ce0000)
  to   space 8704K,   0% used [0x0000000084ce0000, 0x0000000084ce0000, 0x0000000085560000)
 tenured generation   total 174784K, used 96881K [0x00000000aaaa0000, 0x00000000b5550000, 0x0000000100000000)
   the space 174784K,  55% used [0x00000000aaaa0000, 0x00000000b093c748, 0x00000000b093c800, 0x00000000b5550000)
 Metaspace       used 107359K, capacity 114296K, committed 114432K, reserved 1148928K
  class space    used 14554K, capacity 15844K, committed 15872K, reserved 1048576K
Event: 514.765 GC heap after
Heap after GC invocations=83 (full 4):
 def new generation   total 78720K, used 2464K [0x0000000080000000, 0x0000000085560000, 0x00000000aaaa0000)
  eden space 70016K,   0% used [0x0000000080000000, 0x0000000080000000, 0x0000000084460000)
  from space 8704K,  28% used [0x0000000084ce0000, 0x0000000084f48290, 0x0000000085560000)
  to   space 8704K,   0% used [0x0000000084460000, 0x0000000084460000, 0x0000000084ce0000)
 tenured generation   total 174784K, used 96881K [0x00000000aaaa0000, 0x00000000b5550000, 0x0000000100000000)
   the space 174784K,  55% used [0x00000000aaaa0000, 0x00000000b093c748, 0x00000000b093c800, 0x00000000b5550000)
 Metaspace       used 107359K, capacity 114296K, committed 114432K, reserved 1148928K
  class space    used 14554K, capacity 15844K, committed 15872K, reserved 1048576K
}

