# JRE version: Java(TM) SE Runtime Environment (8.0_152-b16) (build 1.8.0_152-b16)
# Java VM: Dynamic Code Evolution 64-Bit Server VM (25.71-b01-dcevmlight-30 mixed mode windows-amd64 compressed oops)
Heap:
 def new generation   total 78720K, used 30701K [0x0000000080000000, 0x0000000085560000, 0x00000000aaaa0000)
  eden space 70016K,  39% used [0x0000000080000000, 0x0000000081b10e20, 0x0000000084460000)
  from space 8704K,  34% used [0x0000000084ce0000, 0x0000000084fca630, 0x0000000085560000)
  to   space 8704K,   0% used [0x0000000084460000, 0x0000000084460000, 0x0000000084ce0000)
 tenured generation   total 174784K, used 96759K [0x00000000aaaa0000, 0x00000000b5550000, 0x0000000100000000)
   the space 174784K,  55% used [0x00000000aaaa0000, 0x00000000b091ddc0, 0x00000000b091de00, 0x00000000b5550000)
 Metaspace       used 106250K, capacity 113248K, committed 113408K, reserved 1146880K
  class space    used 14489K, capacity 15794K, committed 15872K, reserved 1048576K
GC Heap History (10 events):
Event: 318.094 GC heap before
{Heap before GC invocations=74 (full 4):
 def new generation   total 78720K, used 72605K [0x0000000080000000, 0x0000000085560000, 0x00000000aaaa0000)
  eden space 70016K,  99% used [0x0000000080000000, 0x0000000084443620, 0x0000000084460000)
  from space 8704K,  31% used [0x0000000084460000, 0x0000000084703eb8, 0x0000000084ce0000)
  to   space 8704K,   0% used [0x0000000084ce0000, 0x0000000084ce0000, 0x0000000085560000)
 tenured generation   total 174784K, used 96759K [0x00000000aaaa0000, 0x00000000b5550000, 0x0000000100000000)
   the space 174784K,  55% used [0x00000000aaaa0000, 0x00000000b091ddc0, 0x00000000b091de00, 0x00000000b5550000)
 Metaspace       used 105305K, capacity 111944K, committed 112256K, reserved 1146880K
  class space    used 14396K, capacity 15646K, committed 15744K, reserved 1048576K
Event: 318.109 GC heap after
Heap after GC invocations=75 (full 4):
 def new generation   total 78720K, used 3259K [0x0000000080000000, 0x0000000085560000, 0x00000000aaaa0000)
  eden space 70016K,   0% used [0x0000000080000000, 0x0000000080000000, 0x0000000084460000)
  from space 8704K,  37% used [0x0000000084ce0000, 0x000000008500efe8, 0x0000000085560000)
  to   space 8704K,   0% used [0x0000000084460000, 0x0000000084460000, 0x0000000084ce0000)
 tenured generation   total 174784K, used 96759K [0x00000000aaaa0000, 0x00000000b5550000, 0x0000000100000000)
   the space 174784K,  55% used [0x00000000aaaa0000, 0x00000000b091ddc0, 0x00000000b091de00, 0x00000000b5550000)
 Metaspace       used 105305K, capacity 111944K, committed 112256K, reserved 1146880K
  class space    used 14396K, capacity 15646K, committed 15744K, reserved 1048576K
}
Event: 346.460 GC heap before
{Heap before GC invocations=75 (full 4):
 def new generation   total 78720K, used 73275K [0x0000000080000000, 0x0000000085560000, 0x00000000aaaa0000)
  eden space 70016K, 100% used [0x0000000080000000, 0x0000000084460000, 0x0000000084460000)
  from space 8704K,  37% used [0x0000000084ce0000, 0x000000008500efe8, 0x0000000085560000)
  to   space 8704K,   0% used [0x0000000084460000, 0x0000000084460000, 0x0000000084ce0000)
 tenured generation   total 174784K, used 96759K [0x00000000aaaa0000, 0x00000000b5550000, 0x0000000100000000)
   the space 174784K,  55% used [0x00000000aaaa0000, 0x00000000b091ddc0, 0x00000000b091de00, 0x00000000b5550000)
 Metaspace       used 105548K, capacity 112194K, committed 112512K, reserved 1146880K
  class space    used 14414K, capacity 15677K, committed 15744K, reserved 1048576K
Event: 346.471 GC heap after
Heap after GC invocations=76 (full 4):
 def new generation   total 78720K, used 3497K [0x0000000080000000, 0x0000000085560000, 0x00000000aaaa0000)
  eden space 70016K,   0% used [0x0000000080000000, 0x0000000080000000, 0x0000000084460000)
  from space 8704K,  40% used [0x0000000084460000, 0x00000000847ca638, 0x0000000084ce0000)
  to   space 8704K,   0% used [0x0000000084ce0000, 0x0000000084ce0000, 0x0000000085560000)
 tenured generation   total 174784K, used 96759K [0x00000000aaaa0000, 0x00000000b5550000, 0x0000000100000000)
   the space 174784K,  55% used [0x00000000aaaa0000, 0x00000000b091ddc0, 0x00000000b091de00, 0x00000000b5550000)
 Metaspace       used 105548K, capacity 112194K, committed 112512K, reserved 1146880K
  class space    used 14414K, capacity 15677K, committed 15744K, reserved 1048576K
}
Event: 375.394 GC heap before
{Heap before GC invocations=76 (full 4):
 def new generation   total 78720K, used 73513K [0x0000000080000000, 0x0000000085560000, 0x00000000aaaa0000)
  eden space 70016K, 100% used [0x0000000080000000, 0x0000000084460000, 0x0000000084460000)
  from space 8704K,  40% used [0x0000000084460000, 0x00000000847ca638, 0x0000000084ce0000)
  to   space 8704K,   0% used [0x0000000084ce0000, 0x0000000084ce0000, 0x0000000085560000)
 tenured generation   total 174784K, used 96759K [0x00000000aaaa0000, 0x00000000b5550000, 0x0000000100000000)
   the space 174784K,  55% used [0x00000000aaaa0000, 0x00000000b091ddc0, 0x00000000b091de00, 0x00000000b5550000)
 Metaspace       used 105662K, capacity 112406K, committed 112512K, reserved 1146880K
  class space    used 14422K, capacity 15691K, committed 15744K, reserved 1048576K
Event: 375.405 GC heap after
Heap after GC invocations=77 (full 4):
 def new generation   total 78720K, used 2333K [0x0000000080000000, 0x0000000085560000, 0x00000000aaaa0000)
  eden space 70016K,   0% used [0x0000000080000000, 0x0000000080000000, 0x0000000084460000)
  from space 8704K,  26% used [0x0000000084ce0000, 0x0000000084f27488, 0x0000000085560000)
  to   space 8704K,   0% used [0x0000000084460000, 0x0000000084460000, 0x0000000084ce0000)
 tenured generation   total 174784K, used 96759K [0x00000000aaaa0000, 0x00000000b5550000, 0x0000000100000000)
   the space 174784K,  55% used [0x00000000aaaa0000, 0x00000000b091ddc0, 0x00000000b091de00, 0x00000000b5550000)
 Metaspace       used 105662K, capacity 112406K, committed 112512K, reserved 1146880K
  class space    used 14422K, capacity 15691K, committed 15744K, reserved 1048576K
}
Event: 382.156 GC heap before
{Heap before GC invocations=77 (full 4):
 def new generation   total 78720K, used 72349K [0x0000000080000000, 0x0000000085560000, 0x00000000aaaa0000)
  eden space 70016K, 100% used [0x0000000080000000, 0x0000000084460000, 0x0000000084460000)
  from space 8704K,  26% used [0x0000000084ce0000, 0x0000000084f27488, 0x0000000085560000)
  to   space 8704K,   0% used [0x0000000084460000, 0x0000000084460000, 0x0000000084ce0000)
 tenured generation   total 174784K, used 96759K [0x00000000aaaa0000, 0x00000000b5550000, 0x0000000100000000)
   the space 174784K,  55% used [0x00000000aaaa0000, 0x00000000b091ddc0, 0x00000000b091de00, 0x00000000b5550000)
 Metaspace       used 106186K, capacity 113184K, committed 113408K, reserved 1146880K
  class space    used 14488K, capacity 15794K, committed 15872K, reserved 1048576K
Event: 382.173 GC heap after
Heap after GC invocations=78 (full 4):
 def new generation   total 78720K, used 4046K [0x0000000080000000, 0x0000000085560000, 0x00000000aaaa0000)
  eden space 70016K,   0% used [0x0000000080000000, 0x0000000080000000, 0x0000000084460000)
  from space 8704K,  46% used [0x0000000084460000, 0x0000000084853958, 0x0000000084ce0000)
  to   space 8704K,   0% used [0x0000000084ce0000, 0x0000000084ce0000, 0x0000000085560000)
 tenured generation   total 174784K, used 96759K [0x00000000aaaa0000, 0x00000000b5550000, 0x0000000100000000)
   the space 174784K,  55% used [0x00000000aaaa0000, 0x00000000b091ddc0, 0x00000000b091de00, 0x00000000b5550000)
 Metaspace       used 106186K, capacity 113184K, committed 113408K, reserved 1146880K
  class space    used 14488K, capacity 15794K, committed 15872K, reserved 1048576K
}
Event: 412.273 GC heap before
{Heap before GC invocations=78 (full 4):
 def new generation   total 78720K, used 74062K [0x0000000080000000, 0x0000000085560000, 0x00000000aaaa0000)
  eden space 70016K, 100% used [0x0000000080000000, 0x0000000084460000, 0x0000000084460000)
  from space 8704K,  46% used [0x0000000084460000, 0x0000000084853958, 0x0000000084ce0000)
  to   space 8704K,   0% used [0x0000000084ce0000, 0x0000000084ce0000, 0x0000000085560000)
 tenured generation   total 174784K, used 96759K [0x00000000aaaa0000, 0x00000000b5550000, 0x0000000100000000)
   the space 174784K,  55% used [0x00000000aaaa0000, 0x00000000b091ddc0, 0x00000000b091de00, 0x00000000b5550000)
 Metaspace       used 106192K, capacity 113184K, committed 113408K, reserved 1146880K
  class space    used 14488K, capacity 15794K, committed 15872K, reserved 1048576K
Event: 412.288 GC heap after
Heap after GC invocations=79 (full 4):
 def new generation   total 78720K, used 2985K [0x0000000080000000, 0x0000000085560000, 0x00000000aaaa0000)
  eden space 70016K,   0% used [0x0000000080000000, 0x0000000080000000, 0x0000000084460000)
  from space 8704K,  34% used [0x0000000084ce0000, 0x0000000084fca630, 0x0000000085560000)
  to   space 8704K,   0% used [0x0000000084460000, 0x0000000084460000, 0x0000000084ce0000)
 tenured generation   total 174784K, used 96759K [0x00000000aaaa0000, 0x00000000b5550000, 0x0000000100000000)
   the space 174784K,  55% used [0x00000000aaaa0000, 0x00000000b091ddc0, 0x00000000b091de00, 0x00000000b5550000)
 Metaspace       used 106192K, capacity 113184K, committed 113408K, reserved 1146880K
  class space    used 14488K, capacity 15794K, committed 15872K, reserved 1048576K
}

