# JRE version: Java(TM) SE Runtime Environment (8.0_191-b12) (build 1.8.0_191-b12)
# Java VM: Dynamic Code Evolution 64-Bit Server VM (25.71-b01-dcevmlight-26 mixed mode windows-amd64 compressed oops)
Heap:
 def new generation   total 78720K, used 5322K [0x0000000080000000, 0x0000000085560000, 0x00000000aaaa0000)
  eden space 70016K,   5% used [0x0000000080000000, 0x00000000803b5120, 0x0000000084460000)
  from space 8704K,  17% used [0x0000000084460000, 0x00000000845dd700, 0x0000000084ce0000)
  to   space 8704K,   0% used [0x0000000084ce0000, 0x0000000084ce0000, 0x0000000085560000)
 tenured generation   total 174784K, used 119843K [0x00000000aaaa0000, 0x00000000b5550000, 0x0000000100000000)
   the space 174784K,  68% used [0x00000000aaaa0000, 0x00000000b1fa8cd0, 0x00000000b1fa8e00, 0x00000000b5550000)
 Metaspace       used 112878K, capacity 119714K, committed 120012K, reserved 1153024K
  class space    used 15183K, capacity 16578K, committed 16640K, reserved 1048576K
GC Heap History (10 events):
Event: 351.977 GC heap before
{Heap before GC invocations=83 (full 4):
 def new generation   total 78720K, used 73061K [0x0000000080000000, 0x0000000085560000, 0x00000000aaaa0000)
  eden space 70016K, 100% used [0x0000000080000000, 0x0000000084460000, 0x0000000084460000)
  from space 8704K,  34% used [0x0000000084ce0000, 0x0000000084fd9610, 0x0000000085560000)
  to   space 8704K,   0% used [0x0000000084460000, 0x0000000084460000, 0x0000000084ce0000)
 tenured generation   total 174784K, used 118392K [0x00000000aaaa0000, 0x00000000b5550000, 0x0000000100000000)
   the space 174784K,  67% used [0x00000000aaaa0000, 0x00000000b1e3e3e0, 0x00000000b1e3e400, 0x00000000b5550000)
 Metaspace       used 112003K, capacity 118652K, committed 118860K, reserved 1150976K
  class space    used 15121K, capacity 16507K, committed 16512K, reserved 1048576K
Event: 351.986 GC heap after
Heap after GC invocations=84 (full 4):
 def new generation   total 78720K, used 3320K [0x0000000080000000, 0x0000000085560000, 0x00000000aaaa0000)
  eden space 70016K,   0% used [0x0000000080000000, 0x0000000080000000, 0x0000000084460000)
  from space 8704K,  38% used [0x0000000084460000, 0x000000008479e3e8, 0x0000000084ce0000)
  to   space 8704K,   0% used [0x0000000084ce0000, 0x0000000084ce0000, 0x0000000085560000)
 tenured generation   total 174784K, used 118392K [0x00000000aaaa0000, 0x00000000b5550000, 0x0000000100000000)
   the space 174784K,  67% used [0x00000000aaaa0000, 0x00000000b1e3e3e0, 0x00000000b1e3e400, 0x00000000b5550000)
 Metaspace       used 112003K, capacity 118652K, committed 118860K, reserved 1150976K
  class space    used 15121K, capacity 16507K, committed 16512K, reserved 1048576K
}
Event: 359.535 GC heap before
{Heap before GC invocations=84 (full 4):
 def new generation   total 78720K, used 73336K [0x0000000080000000, 0x0000000085560000, 0x00000000aaaa0000)
  eden space 70016K, 100% used [0x0000000080000000, 0x0000000084460000, 0x0000000084460000)
  from space 8704K,  38% used [0x0000000084460000, 0x000000008479e3e8, 0x0000000084ce0000)
  to   space 8704K,   0% used [0x0000000084ce0000, 0x0000000084ce0000, 0x0000000085560000)
 tenured generation   total 174784K, used 118392K [0x00000000aaaa0000, 0x00000000b5550000, 0x0000000100000000)
   the space 174784K,  67% used [0x00000000aaaa0000, 0x00000000b1e3e3e0, 0x00000000b1e3e400, 0x00000000b5550000)
 Metaspace       used 112576K, capacity 119412K, committed 119500K, reserved 1153024K
  class space    used 15170K, capacity 16569K, committed 16640K, reserved 1048576K
Event: 359.545 GC heap after
Heap after GC invocations=85 (full 4):
 def new generation   total 78720K, used 4947K [0x0000000080000000, 0x0000000085560000, 0x00000000aaaa0000)
  eden space 70016K,   0% used [0x0000000080000000, 0x0000000080000000, 0x0000000084460000)
  from space 8704K,  56% used [0x0000000084ce0000, 0x00000000851b4f70, 0x0000000085560000)
  to   space 8704K,   0% used [0x0000000084460000, 0x0000000084460000, 0x0000000084ce0000)
 tenured generation   total 174784K, used 118392K [0x00000000aaaa0000, 0x00000000b5550000, 0x0000000100000000)
   the space 174784K,  67% used [0x00000000aaaa0000, 0x00000000b1e3e3e0, 0x00000000b1e3e400, 0x00000000b5550000)
 Metaspace       used 112576K, capacity 119412K, committed 119500K, reserved 1153024K
  class space    used 15170K, capacity 16569K, committed 16640K, reserved 1048576K
}
Event: 392.116 GC heap before
{Heap before GC invocations=85 (full 4):
 def new generation   total 78720K, used 74963K [0x0000000080000000, 0x0000000085560000, 0x00000000aaaa0000)
  eden space 70016K, 100% used [0x0000000080000000, 0x0000000084460000, 0x0000000084460000)
  from space 8704K,  56% used [0x0000000084ce0000, 0x00000000851b4f70, 0x0000000085560000)
  to   space 8704K,   0% used [0x0000000084460000, 0x0000000084460000, 0x0000000084ce0000)
 tenured generation   total 174784K, used 118392K [0x00000000aaaa0000, 0x00000000b5550000, 0x0000000100000000)
   the space 174784K,  67% used [0x00000000aaaa0000, 0x00000000b1e3e3e0, 0x00000000b1e3e400, 0x00000000b5550000)
 Metaspace       used 112692K, capacity 119522K, committed 119756K, reserved 1153024K
  class space    used 15176K, capacity 16578K, committed 16640K, reserved 1048576K
Event: 392.126 GC heap after
Heap after GC invocations=86 (full 4):
 def new generation   total 78720K, used 1756K [0x0000000080000000, 0x0000000085560000, 0x00000000aaaa0000)
  eden space 70016K,   0% used [0x0000000080000000, 0x0000000080000000, 0x0000000084460000)
  from space 8704K,  20% used [0x0000000084460000, 0x00000000846171b8, 0x0000000084ce0000)
  to   space 8704K,   0% used [0x0000000084ce0000, 0x0000000084ce0000, 0x0000000085560000)
 tenured generation   total 174784K, used 119527K [0x00000000aaaa0000, 0x00000000b5550000, 0x0000000100000000)
   the space 174784K,  68% used [0x00000000aaaa0000, 0x00000000b1f59d68, 0x00000000b1f59e00, 0x00000000b5550000)
 Metaspace       used 112692K, capacity 119522K, committed 119756K, reserved 1153024K
  class space    used 15176K, capacity 16578K, committed 16640K, reserved 1048576K
}
Event: 429.755 GC heap before
{Heap before GC invocations=86 (full 4):
 def new generation   total 78720K, used 71772K [0x0000000080000000, 0x0000000085560000, 0x00000000aaaa0000)
  eden space 70016K, 100% used [0x0000000080000000, 0x0000000084460000, 0x0000000084460000)
  from space 8704K,  20% used [0x0000000084460000, 0x00000000846171b8, 0x0000000084ce0000)
  to   space 8704K,   0% used [0x0000000084ce0000, 0x0000000084ce0000, 0x0000000085560000)
 tenured generation   total 174784K, used 119527K [0x00000000aaaa0000, 0x00000000b5550000, 0x0000000100000000)
   the space 174784K,  68% used [0x00000000aaaa0000, 0x00000000b1f59d68, 0x00000000b1f59e00, 0x00000000b5550000)
 Metaspace       used 112692K, capacity 119522K, committed 119756K, reserved 1153024K
  class space    used 15176K, capacity 16578K, committed 16640K, reserved 1048576K
Event: 429.762 GC heap after
Heap after GC invocations=87 (full 4):
 def new generation   total 78720K, used 2052K [0x0000000080000000, 0x0000000085560000, 0x00000000aaaa0000)
  eden space 70016K,   0% used [0x0000000080000000, 0x0000000080000000, 0x0000000084460000)
  from space 8704K,  23% used [0x0000000084ce0000, 0x0000000084ee1360, 0x0000000085560000)
  to   space 8704K,   0% used [0x0000000084460000, 0x0000000084460000, 0x0000000084ce0000)
 tenured generation   total 174784K, used 119527K [0x00000000aaaa0000, 0x00000000b5550000, 0x0000000100000000)
   the space 174784K,  68% used [0x00000000aaaa0000, 0x00000000b1f59d68, 0x00000000b1f59e00, 0x00000000b5550000)
 Metaspace       used 112692K, capacity 119522K, committed 119756K, reserved 1153024K
  class space    used 15176K, capacity 16578K, committed 16640K, reserved 1048576K
}
Event: 462.936 GC heap before
{Heap before GC invocations=87 (full 4):
 def new generation   total 78720K, used 72068K [0x0000000080000000, 0x0000000085560000, 0x00000000aaaa0000)
  eden space 70016K, 100% used [0x0000000080000000, 0x0000000084460000, 0x0000000084460000)
  from space 8704K,  23% used [0x0000000084ce0000, 0x0000000084ee1360, 0x0000000085560000)
  to   space 8704K,   0% used [0x0000000084460000, 0x0000000084460000, 0x0000000084ce0000)
 tenured generation   total 174784K, used 119527K [0x00000000aaaa0000, 0x00000000b5550000, 0x0000000100000000)
   the space 174784K,  68% used [0x00000000aaaa0000, 0x00000000b1f59d68, 0x00000000b1f59e00, 0x00000000b5550000)
 Metaspace       used 112769K, capacity 119586K, committed 119756K, reserved 1153024K
  class space    used 15178K, capacity 16578K, committed 16640K, reserved 1048576K
Event: 462.945 GC heap after
Heap after GC invocations=88 (full 4):
 def new generation   total 78720K, used 1525K [0x0000000080000000, 0x0000000085560000, 0x00000000aaaa0000)
  eden space 70016K,   0% used [0x0000000080000000, 0x0000000080000000, 0x0000000084460000)
  from space 8704K,  17% used [0x0000000084460000, 0x00000000845dd700, 0x0000000084ce0000)
  to   space 8704K,   0% used [0x0000000084ce0000, 0x0000000084ce0000, 0x0000000085560000)
 tenured generation   total 174784K, used 119843K [0x00000000aaaa0000, 0x00000000b5550000, 0x0000000100000000)
   the space 174784K,  68% used [0x00000000aaaa0000, 0x00000000b1fa8cd0, 0x00000000b1fa8e00, 0x00000000b5550000)
 Metaspace       used 112769K, capacity 119586K, committed 119756K, reserved 1153024K
  class space    used 15178K, capacity 16578K, committed 16640K, reserved 1048576K
}

