# JRE version: Java(TM) SE Runtime Environment (8.0_152-b16) (build 1.8.0_152-b16)
# Java VM: Dynamic Code Evolution 64-Bit Server VM (25.71-b01-dcevmlight-30 mixed mode windows-amd64 compressed oops)
Heap:
 def new generation   total 78720K, used 57984K [0x0000000080000000, 0x0000000085560000, 0x00000000aaaa0000)
  eden space 70016K,  79% used [0x0000000080000000, 0x0000000083682610, 0x0000000084460000)
  from space 8704K,  24% used [0x0000000084ce0000, 0x0000000084efdd70, 0x0000000085560000)
  to   space 8704K,   0% used [0x0000000084460000, 0x0000000084460000, 0x0000000084ce0000)
 tenured generation   total 174784K, used 96742K [0x00000000aaaa0000, 0x00000000b5550000, 0x0000000100000000)
   the space 174784K,  55% used [0x00000000aaaa0000, 0x00000000b0919ba0, 0x00000000b0919c00, 0x00000000b5550000)
 Metaspace       used 103753K, capacity 109760K, committed 110080K, reserved 1144832K
  class space    used 14359K, capacity 15522K, committed 15616K, reserved 1048576K
GC Heap History (10 events):
Event: 36.977 GC heap before
{Heap before GC invocations=62 (full 4):
 def new generation   total 78720K, used 74318K [0x0000000080000000, 0x0000000085560000, 0x00000000aaaa0000)
  eden space 70016K, 100% used [0x0000000080000000, 0x0000000084460000, 0x0000000084460000)
  from space 8704K,  49% used [0x0000000084460000, 0x0000000084893a10, 0x0000000084ce0000)
  to   space 8704K,   0% used [0x0000000084ce0000, 0x0000000084ce0000, 0x0000000085560000)
 tenured generation   total 174784K, used 84651K [0x00000000aaaa0000, 0x00000000b5550000, 0x0000000100000000)
   the space 174784K,  48% used [0x00000000aaaa0000, 0x00000000afd4aea8, 0x00000000afd4b000, 0x00000000b5550000)
 Metaspace       used 100121K, capacity 104994K, committed 105088K, reserved 1138688K
  class space    used 13862K, capacity 14927K, committed 14976K, reserved 1048576K
Event: 37.001 GC heap after
Heap after GC invocations=63 (full 4):
 def new generation   total 78720K, used 7590K [0x0000000080000000, 0x0000000085560000, 0x00000000aaaa0000)
  eden space 70016K,   0% used [0x0000000080000000, 0x0000000080000000, 0x0000000084460000)
  from space 8704K,  87% used [0x0000000084ce0000, 0x0000000085449ac8, 0x0000000085560000)
  to   space 8704K,   0% used [0x0000000084460000, 0x0000000084460000, 0x0000000084ce0000)
 tenured generation   total 174784K, used 84651K [0x00000000aaaa0000, 0x00000000b5550000, 0x0000000100000000)
   the space 174784K,  48% used [0x00000000aaaa0000, 0x00000000afd4aea8, 0x00000000afd4b000, 0x00000000b5550000)
 Metaspace       used 100121K, capacity 104994K, committed 105088K, reserved 1138688K
  class space    used 13862K, capacity 14927K, committed 14976K, reserved 1048576K
}
Event: 40.540 GC heap before
{Heap before GC invocations=63 (full 4):
 def new generation   total 78720K, used 77606K [0x0000000080000000, 0x0000000085560000, 0x00000000aaaa0000)
  eden space 70016K, 100% used [0x0000000080000000, 0x0000000084460000, 0x0000000084460000)
  from space 8704K,  87% used [0x0000000084ce0000, 0x0000000085449ac8, 0x0000000085560000)
  to   space 8704K,   0% used [0x0000000084460000, 0x0000000084460000, 0x0000000084ce0000)
 tenured generation   total 174784K, used 84651K [0x00000000aaaa0000, 0x00000000b5550000, 0x0000000100000000)
   the space 174784K,  48% used [0x00000000aaaa0000, 0x00000000afd4aea8, 0x00000000afd4b000, 0x00000000b5550000)
 Metaspace       used 101598K, capacity 107000K, committed 107136K, reserved 1140736K
  class space    used 14082K, capacity 15160K, committed 15232K, reserved 1048576K
Event: 40.566 GC heap after
Heap after GC invocations=64 (full 4):
 def new generation   total 78720K, used 7246K [0x0000000080000000, 0x0000000085560000, 0x00000000aaaa0000)
  eden space 70016K,   0% used [0x0000000080000000, 0x0000000080000000, 0x0000000084460000)
  from space 8704K,  83% used [0x0000000084460000, 0x0000000084b73bf0, 0x0000000084ce0000)
  to   space 8704K,   0% used [0x0000000084ce0000, 0x0000000084ce0000, 0x0000000085560000)
 tenured generation   total 174784K, used 87900K [0x00000000aaaa0000, 0x00000000b5550000, 0x0000000100000000)
   the space 174784K,  50% used [0x00000000aaaa0000, 0x00000000b00772c8, 0x00000000b0077400, 0x00000000b5550000)
 Metaspace       used 101598K, capacity 107000K, committed 107136K, reserved 1140736K
  class space    used 14082K, capacity 15160K, committed 15232K, reserved 1048576K
}
Event: 42.488 GC heap before
{Heap before GC invocations=64 (full 4):
 def new generation   total 78720K, used 77262K [0x0000000080000000, 0x0000000085560000, 0x00000000aaaa0000)
  eden space 70016K, 100% used [0x0000000080000000, 0x0000000084460000, 0x0000000084460000)
  from space 8704K,  83% used [0x0000000084460000, 0x0000000084b73bf0, 0x0000000084ce0000)
  to   space 8704K,   0% used [0x0000000084ce0000, 0x0000000084ce0000, 0x0000000085560000)
 tenured generation   total 174784K, used 87900K [0x00000000aaaa0000, 0x00000000b5550000, 0x0000000100000000)
   the space 174784K,  50% used [0x00000000aaaa0000, 0x00000000b00772c8, 0x00000000b0077400, 0x00000000b5550000)
 Metaspace       used 102593K, capacity 108116K, committed 108288K, reserved 1142784K
  class space    used 14218K, capacity 15322K, committed 15360K, reserved 1048576K
Event: 42.510 GC heap after
Heap after GC invocations=65 (full 4):
 def new generation   total 78720K, used 7468K [0x0000000080000000, 0x0000000085560000, 0x00000000aaaa0000)
  eden space 70016K,   0% used [0x0000000080000000, 0x0000000080000000, 0x0000000084460000)
  from space 8704K,  85% used [0x0000000084ce0000, 0x000000008542b010, 0x0000000085560000)
  to   space 8704K,   0% used [0x0000000084460000, 0x0000000084460000, 0x0000000084ce0000)
 tenured generation   total 174784K, used 91260K [0x00000000aaaa0000, 0x00000000b5550000, 0x0000000100000000)
   the space 174784K,  52% used [0x00000000aaaa0000, 0x00000000b03bf078, 0x00000000b03bf200, 0x00000000b5550000)
 Metaspace       used 102593K, capacity 108116K, committed 108288K, reserved 1142784K
  class space    used 14218K, capacity 15322K, committed 15360K, reserved 1048576K
}
Event: 57.699 GC heap before
{Heap before GC invocations=65 (full 4):
 def new generation   total 78720K, used 77484K [0x0000000080000000, 0x0000000085560000, 0x00000000aaaa0000)
  eden space 70016K, 100% used [0x0000000080000000, 0x0000000084460000, 0x0000000084460000)
  from space 8704K,  85% used [0x0000000084ce0000, 0x000000008542b010, 0x0000000085560000)
  to   space 8704K,   0% used [0x0000000084460000, 0x0000000084460000, 0x0000000084ce0000)
 tenured generation   total 174784K, used 91260K [0x00000000aaaa0000, 0x00000000b5550000, 0x0000000100000000)
   the space 174784K,  52% used [0x00000000aaaa0000, 0x00000000b03bf078, 0x00000000b03bf200, 0x00000000b5550000)
 Metaspace       used 103175K, capacity 109198K, committed 109440K, reserved 1142784K
  class space    used 14321K, capacity 15487K, committed 15488K, reserved 1048576K
Event: 57.716 GC heap after
Heap after GC invocations=66 (full 4):
 def new generation   total 78720K, used 1839K [0x0000000080000000, 0x0000000085560000, 0x00000000aaaa0000)
  eden space 70016K,   0% used [0x0000000080000000, 0x0000000080000000, 0x0000000084460000)
  from space 8704K,  21% used [0x0000000084460000, 0x000000008462bcb0, 0x0000000084ce0000)
  to   space 8704K,   0% used [0x0000000084ce0000, 0x0000000084ce0000, 0x0000000085560000)
 tenured generation   total 174784K, used 96742K [0x00000000aaaa0000, 0x00000000b5550000, 0x0000000100000000)
   the space 174784K,  55% used [0x00000000aaaa0000, 0x00000000b0919ba0, 0x00000000b0919c00, 0x00000000b5550000)
 Metaspace       used 103175K, capacity 109198K, committed 109440K, reserved 1142784K
  class space    used 14321K, capacity 15487K, committed 15488K, reserved 1048576K
}
Event: 68.176 GC heap before
{Heap before GC invocations=66 (full 4):
 def new generation   total 78720K, used 71855K [0x0000000080000000, 0x0000000085560000, 0x00000000aaaa0000)
  eden space 70016K, 100% used [0x0000000080000000, 0x0000000084460000, 0x0000000084460000)
  from space 8704K,  21% used [0x0000000084460000, 0x000000008462bcb0, 0x0000000084ce0000)
  to   space 8704K,   0% used [0x0000000084ce0000, 0x0000000084ce0000, 0x0000000085560000)
 tenured generation   total 174784K, used 96742K [0x00000000aaaa0000, 0x00000000b5550000, 0x0000000100000000)
   the space 174784K,  55% used [0x00000000aaaa0000, 0x00000000b0919ba0, 0x00000000b0919c00, 0x00000000b5550000)
 Metaspace       used 103244K, capacity 109274K, committed 109568K, reserved 1142784K
  class space    used 14328K, capacity 15489K, committed 15616K, reserved 1048576K
Event: 68.191 GC heap after
Heap after GC invocations=67 (full 4):
 def new generation   total 78720K, used 2167K [0x0000000080000000, 0x0000000085560000, 0x00000000aaaa0000)
  eden space 70016K,   0% used [0x0000000080000000, 0x0000000080000000, 0x0000000084460000)
  from space 8704K,  24% used [0x0000000084ce0000, 0x0000000084efdd70, 0x0000000085560000)
  to   space 8704K,   0% used [0x0000000084460000, 0x0000000084460000, 0x0000000084ce0000)
 tenured generation   total 174784K, used 96742K [0x00000000aaaa0000, 0x00000000b5550000, 0x0000000100000000)
   the space 174784K,  55% used [0x00000000aaaa0000, 0x00000000b0919ba0, 0x00000000b0919c00, 0x00000000b5550000)
 Metaspace       used 103244K, capacity 109274K, committed 109568K, reserved 1142784K
  class space    used 14328K, capacity 15489K, committed 15616K, reserved 1048576K
}

