# JRE version: Java(TM) SE Runtime Environment (8.0_152-b16) (build 1.8.0_152-b16)
# Java VM: Dynamic Code Evolution 64-Bit Server VM (25.71-b01-dcevmlight-30 mixed mode windows-amd64 compressed oops)
Heap:
 def new generation   total 78720K, used 68811K [0x0000000080000000, 0x0000000085560000, 0x00000000aaaa0000)
  eden space 70016K,  93% used [0x0000000080000000, 0x0000000083fff5f0, 0x0000000084460000)
  from space 8704K,  37% used [0x0000000084ce0000, 0x0000000085013880, 0x0000000085560000)
  to   space 8704K,   0% used [0x0000000084460000, 0x0000000084460000, 0x0000000084ce0000)
 tenured generation   total 174784K, used 96674K [0x00000000aaaa0000, 0x00000000b5550000, 0x0000000100000000)
   the space 174784K,  55% used [0x00000000aaaa0000, 0x00000000b0908b38, 0x00000000b0908c00, 0x00000000b5550000)
 Metaspace       used 105720K, capacity 112238K, committed 112532K, reserved 1146880K
  class space    used 14467K, capacity 15731K, committed 15804K, reserved 1048576K
GC Heap History (10 events):
Event: 205.718 GC heap before
{Heap before GC invocations=70 (full 4):
 def new generation   total 78720K, used 72610K [0x0000000080000000, 0x0000000085560000, 0x00000000aaaa0000)
  eden space 70016K, 100% used [0x0000000080000000, 0x0000000084460000, 0x0000000084460000)
  from space 8704K,  29% used [0x0000000084460000, 0x00000000846e89c0, 0x0000000084ce0000)
  to   space 8704K,   0% used [0x0000000084ce0000, 0x0000000084ce0000, 0x0000000085560000)
 tenured generation   total 174784K, used 95063K [0x00000000aaaa0000, 0x00000000b5550000, 0x0000000100000000)
   the space 174784K,  54% used [0x00000000aaaa0000, 0x00000000b0775da8, 0x00000000b0775e00, 0x00000000b5550000)
 Metaspace       used 103219K, capacity 109392K, committed 109588K, reserved 1142784K
  class space    used 14345K, capacity 15570K, committed 15676K, reserved 1048576K
Event: 205.726 GC heap after
Heap after GC invocations=71 (full 4):
 def new generation   total 78720K, used 2729K [0x0000000080000000, 0x0000000085560000, 0x00000000aaaa0000)
  eden space 70016K,   0% used [0x0000000080000000, 0x0000000080000000, 0x0000000084460000)
  from space 8704K,  31% used [0x0000000084ce0000, 0x0000000084f8a540, 0x0000000085560000)
  to   space 8704K,   0% used [0x0000000084460000, 0x0000000084460000, 0x0000000084ce0000)
 tenured generation   total 174784K, used 95063K [0x00000000aaaa0000, 0x00000000b5550000, 0x0000000100000000)
   the space 174784K,  54% used [0x00000000aaaa0000, 0x00000000b0775da8, 0x00000000b0775e00, 0x00000000b5550000)
 Metaspace       used 103219K, capacity 109392K, committed 109588K, reserved 1142784K
  class space    used 14345K, capacity 15570K, committed 15676K, reserved 1048576K
}
Event: 240.362 GC heap before
{Heap before GC invocations=71 (full 4):
 def new generation   total 78720K, used 72745K [0x0000000080000000, 0x0000000085560000, 0x00000000aaaa0000)
  eden space 70016K, 100% used [0x0000000080000000, 0x0000000084460000, 0x0000000084460000)
  from space 8704K,  31% used [0x0000000084ce0000, 0x0000000084f8a540, 0x0000000085560000)
  to   space 8704K,   0% used [0x0000000084460000, 0x0000000084460000, 0x0000000084ce0000)
 tenured generation   total 174784K, used 95063K [0x00000000aaaa0000, 0x00000000b5550000, 0x0000000100000000)
   the space 174784K,  54% used [0x00000000aaaa0000, 0x00000000b0775da8, 0x00000000b0775e00, 0x00000000b5550000)
 Metaspace       used 103903K, capacity 110070K, committed 110356K, reserved 1144832K
  class space    used 14395K, capacity 15603K, committed 15676K, reserved 1048576K
Event: 240.383 GC heap after
Heap after GC invocations=72 (full 4):
 def new generation   total 78720K, used 3354K [0x0000000080000000, 0x0000000085560000, 0x00000000aaaa0000)
  eden space 70016K,   0% used [0x0000000080000000, 0x0000000080000000, 0x0000000084460000)
  from space 8704K,  38% used [0x0000000084460000, 0x00000000847a6a08, 0x0000000084ce0000)
  to   space 8704K,   0% used [0x0000000084ce0000, 0x0000000084ce0000, 0x0000000085560000)
 tenured generation   total 174784K, used 95063K [0x00000000aaaa0000, 0x00000000b5550000, 0x0000000100000000)
   the space 174784K,  54% used [0x00000000aaaa0000, 0x00000000b0775da8, 0x00000000b0775e00, 0x00000000b5550000)
 Metaspace       used 103903K, capacity 110070K, committed 110356K, reserved 1144832K
  class space    used 14395K, capacity 15603K, committed 15676K, reserved 1048576K
}
Event: 254.629 GC heap before
{Heap before GC invocations=72 (full 4):
 def new generation   total 78720K, used 73370K [0x0000000080000000, 0x0000000085560000, 0x00000000aaaa0000)
  eden space 70016K, 100% used [0x0000000080000000, 0x0000000084460000, 0x0000000084460000)
  from space 8704K,  38% used [0x0000000084460000, 0x00000000847a6a08, 0x0000000084ce0000)
  to   space 8704K,   0% used [0x0000000084ce0000, 0x0000000084ce0000, 0x0000000085560000)
 tenured generation   total 174784K, used 95063K [0x00000000aaaa0000, 0x00000000b5550000, 0x0000000100000000)
   the space 174784K,  54% used [0x00000000aaaa0000, 0x00000000b0775da8, 0x00000000b0775e00, 0x00000000b5550000)
 Metaspace       used 105128K, capacity 111516K, committed 111764K, reserved 1144832K
  class space    used 14445K, capacity 15680K, committed 15804K, reserved 1048576K
Event: 254.638 GC heap after
Heap after GC invocations=73 (full 4):
 def new generation   total 78720K, used 3708K [0x0000000080000000, 0x0000000085560000, 0x00000000aaaa0000)
  eden space 70016K,   0% used [0x0000000080000000, 0x0000000080000000, 0x0000000084460000)
  from space 8704K,  42% used [0x0000000084ce0000, 0x000000008507f048, 0x0000000085560000)
  to   space 8704K,   0% used [0x0000000084460000, 0x0000000084460000, 0x0000000084ce0000)
 tenured generation   total 174784K, used 95063K [0x00000000aaaa0000, 0x00000000b5550000, 0x0000000100000000)
   the space 174784K,  54% used [0x00000000aaaa0000, 0x00000000b0775da8, 0x00000000b0775e00, 0x00000000b5550000)
 Metaspace       used 105128K, capacity 111516K, committed 111764K, reserved 1144832K
  class space    used 14445K, capacity 15680K, committed 15804K, reserved 1048576K
}
Event: 292.891 GC heap before
{Heap before GC invocations=73 (full 4):
 def new generation   total 78720K, used 73724K [0x0000000080000000, 0x0000000085560000, 0x00000000aaaa0000)
  eden space 70016K, 100% used [0x0000000080000000, 0x0000000084460000, 0x0000000084460000)
  from space 8704K,  42% used [0x0000000084ce0000, 0x000000008507f048, 0x0000000085560000)
  to   space 8704K,   0% used [0x0000000084460000, 0x0000000084460000, 0x0000000084ce0000)
 tenured generation   total 174784K, used 95063K [0x00000000aaaa0000, 0x00000000b5550000, 0x0000000100000000)
   the space 174784K,  54% used [0x00000000aaaa0000, 0x00000000b0775da8, 0x00000000b0775e00, 0x00000000b5550000)
 Metaspace       used 105278K, capacity 111780K, committed 112020K, reserved 1144832K
  class space    used 14452K, capacity 15692K, committed 15804K, reserved 1048576K
Event: 292.904 GC heap after
Heap after GC invocations=74 (full 4):
 def new generation   total 78720K, used 5160K [0x0000000080000000, 0x0000000085560000, 0x00000000aaaa0000)
  eden space 70016K,   0% used [0x0000000080000000, 0x0000000080000000, 0x0000000084460000)
  from space 8704K,  59% used [0x0000000084460000, 0x000000008496a078, 0x0000000084ce0000)
  to   space 8704K,   0% used [0x0000000084ce0000, 0x0000000084ce0000, 0x0000000085560000)
 tenured generation   total 174784K, used 95063K [0x00000000aaaa0000, 0x00000000b5550000, 0x0000000100000000)
   the space 174784K,  54% used [0x00000000aaaa0000, 0x00000000b0775da8, 0x00000000b0775e00, 0x00000000b5550000)
 Metaspace       used 105278K, capacity 111780K, committed 112020K, reserved 1144832K
  class space    used 14452K, capacity 15692K, committed 15804K, reserved 1048576K
}
Event: 315.203 GC heap before
{Heap before GC invocations=74 (full 4):
 def new generation   total 78720K, used 75176K [0x0000000080000000, 0x0000000085560000, 0x00000000aaaa0000)
  eden space 70016K, 100% used [0x0000000080000000, 0x0000000084460000, 0x0000000084460000)
  from space 8704K,  59% used [0x0000000084460000, 0x000000008496a078, 0x0000000084ce0000)
  to   space 8704K,   0% used [0x0000000084ce0000, 0x0000000084ce0000, 0x0000000085560000)
 tenured generation   total 174784K, used 95063K [0x00000000aaaa0000, 0x00000000b5550000, 0x0000000100000000)
   the space 174784K,  54% used [0x00000000aaaa0000, 0x00000000b0775da8, 0x00000000b0775e00, 0x00000000b5550000)
 Metaspace       used 105323K, capacity 111780K, committed 112020K, reserved 1144832K
  class space    used 14452K, capacity 15692K, committed 15804K, reserved 1048576K
Event: 315.244 GC heap after
Heap after GC invocations=75 (full 4):
 def new generation   total 78720K, used 3278K [0x0000000080000000, 0x0000000085560000, 0x00000000aaaa0000)
  eden space 70016K,   0% used [0x0000000080000000, 0x0000000080000000, 0x0000000084460000)
  from space 8704K,  37% used [0x0000000084ce0000, 0x0000000085013880, 0x0000000085560000)
  to   space 8704K,   0% used [0x0000000084460000, 0x0000000084460000, 0x0000000084ce0000)
 tenured generation   total 174784K, used 96674K [0x00000000aaaa0000, 0x00000000b5550000, 0x0000000100000000)
   the space 174784K,  55% used [0x00000000aaaa0000, 0x00000000b0908b38, 0x00000000b0908c00, 0x00000000b5550000)
 Metaspace       used 105323K, capacity 111780K, committed 112020K, reserved 1144832K
  class space    used 14452K, capacity 15692K, committed 15804K, reserved 1048576K
}

